Linux 2.6.32-504.el6.x86_64 (hp440srv) 	07/06/17 	_x86_64_	(16 CPU)

15:36:18        CPU     %user     %nice   %system   %iowait    %steal     %idle
15:36:23        all      2.53      0.00      0.25      0.00      0.00     97.22
15:36:23          0      3.82      0.00      0.40      0.00      0.00     95.78
15:36:23          1      3.61      0.00      0.60      0.00      0.00     95.78
15:36:23          2      4.41      0.00      0.20      0.00      0.00     95.39
15:36:23          3      2.81      0.00      0.20      0.00      0.00     96.99
15:36:23          4      2.80      0.00      0.20      0.00      0.00     97.00
15:36:23          5      2.40      0.00      0.20      0.00      0.00     97.39
15:36:23          6      2.20      0.00      0.20      0.00      0.00     97.60
15:36:23          7      2.20      0.00      0.20      0.00      0.00     97.60
15:36:23          8      3.41      0.00      0.20      0.00      0.00     96.39
15:36:23          9      3.22      0.00      0.20      0.00      0.00     96.58
15:36:23         10      3.01      0.00      0.20      0.00      0.00     96.79
15:36:23         11      2.40      0.00      0.20      0.00      0.00     97.39
15:36:23         12      0.40      0.00      0.20      0.00      0.00     99.40
15:36:23         13      2.00      0.00      0.20      0.00      0.00     97.80
15:36:23         14      1.60      0.00      0.20      0.00      0.00     98.20
15:36:23         15      0.40      0.00      0.00      0.00      0.00     99.60
15:36:28        all      2.17      0.00      0.59      0.00      0.00     97.25
15:36:28          0      3.82      0.00      0.40      0.00      0.00     95.78
15:36:28          1      2.20      0.00      0.80      0.00      0.00     96.99
15:36:28          2      1.20      0.00      0.40      0.00      0.00     98.40
15:36:28          3      1.41      0.00      0.20      0.00      0.00     98.39
15:36:28          4      1.60      0.00      0.20      0.00      0.00     98.20
15:36:28          5      2.00      0.00      0.20      0.00      0.00     97.80
15:36:28          6      1.40      0.00      0.20      0.00      0.00     98.40
15:36:28          7      0.60      0.00      0.20      0.00      0.00     99.20
15:36:28          8      7.43      0.00      5.42      0.00      0.00     87.15
15:36:28          9      2.40      0.00      0.40      0.00      0.00     97.20
15:36:28         10      2.00      0.00      0.20      0.00      0.00     97.80
15:36:28         11      1.80      0.00      0.20      0.00      0.00     98.00
15:36:28         12      2.00      0.00      0.20      0.00      0.00     97.80
15:36:28         13      1.20      0.00      0.20      0.00      0.00     98.60
15:36:28         14      2.20      0.00      0.00      0.00      0.00     97.80
15:36:28         15      1.20      0.00      0.20      0.00      0.00     98.60
15:36:33        all      1.09      0.00      0.31      0.00      0.00     98.60
15:36:33          0      2.01      0.00      0.60      0.00      0.00     97.38
15:36:33          1      1.80      0.00      0.80      0.00      0.00     97.39
15:36:33          2      1.20      0.00      0.20      0.00      0.00     98.59
15:36:33          3      0.80      0.00      0.20      0.00      0.00     99.00
15:36:33          4      0.80      0.00      0.20      0.00      0.00     99.00
15:36:33          5      0.80      0.00      0.20      0.00      0.00     99.00
15:36:33          6      0.40      0.00      0.20      0.00      0.00     99.40
15:36:33          7      0.80      0.00      0.20      0.00      0.00     99.00
15:36:33          8      1.80      0.00      0.60      0.00      0.00     97.60
15:36:33          9      2.21      0.00      0.40      0.00      0.00     97.39
15:36:33         10      1.20      0.00      0.20      0.00      0.00     98.59
15:36:33         11      1.00      0.00      0.40      0.00      0.00     98.60
15:36:33         12      0.60      0.00      0.40      0.00      0.00     99.00
15:36:33         13      0.20      0.00      0.20      0.00      0.00     99.60
15:36:33         14      1.00      0.00      0.40      0.00      0.00     98.60
15:36:33         15      0.60      0.00      0.20      0.00      0.00     99.20
15:36:38        all      1.01      0.00      0.28      0.00      0.00     98.71
15:36:38          0      1.61      0.00      0.20      0.00      0.00     98.19
15:36:38          1      1.41      0.00      0.60      0.00      0.00     97.99
15:36:38          2      1.20      0.00      0.40      0.00      0.00     98.40
15:36:38          3      0.60      0.00      0.00      0.00      0.00     99.40
15:36:38          4      1.00      0.00      0.20      0.00      0.00     98.80
15:36:38          5      1.00      0.00      0.20      0.00      0.00     98.80
15:36:38          6      0.40      0.00      0.00      0.00      0.00     99.60
15:36:38          7      0.60      0.00      0.00      0.00      0.00     99.40
15:36:38          8      1.60      0.00      0.40      0.00      0.00     98.00
15:36:38          9      1.61      0.00      0.20      0.00      0.00     98.19
15:36:38         10      1.20      0.00      0.40      0.00      0.00     98.40
15:36:38         11      0.80      0.00      0.20      0.00      0.00     99.00
15:36:38         12      0.40      0.00      0.20      0.00      0.00     99.40
15:36:38         13      0.20      0.00      0.20      0.00      0.00     99.60
15:36:38         14      2.60      0.00      0.20      0.00      0.00     97.20
15:36:38         15      0.20      0.00      0.40      0.00      0.00     99.40
15:36:43        all      1.68      0.00      0.38      0.00      0.00     97.95
15:36:43          0      4.01      0.00      0.60      0.00      0.00     95.39
15:36:43          1      3.82      0.00      1.20      0.00      0.00     94.98
15:36:43          2      2.21      0.00      0.40      0.00      0.00     97.39
15:36:43          3      1.20      0.00      0.20      0.00      0.00     98.60
15:36:43          4      1.00      0.00      0.20      0.00      0.00     98.80
15:36:43          5      0.80      0.00      0.20      0.00      0.00     99.00
15:36:43          6      0.60      0.00      0.40      0.00      0.00     99.00
15:36:43          7      1.40      0.00      0.20      0.00      0.00     98.40
15:36:43          8      2.82      0.00      0.40      0.00      0.00     96.77
15:36:43          9      2.81      0.00      0.80      0.00      0.00     96.39
15:36:43         10      2.41      0.00      0.20      0.00      0.00     97.39
15:36:43         11      1.00      0.00      0.20      0.00      0.00     98.80
15:36:43         12      0.80      0.00      0.20      0.00      0.00     99.00
15:36:43         13      0.40      0.00      0.40      0.00      0.00     99.20
15:36:43         14      1.00      0.00      0.20      0.00      0.00     98.80
15:36:43         15      0.60      0.00      0.00      0.00      0.00     99.40
Average:        all      1.70      0.00      0.36      0.00      0.00     97.94
Average:          0      3.05      0.00      0.44      0.00      0.00     96.50
Average:          1      2.57      0.00      0.80      0.00      0.00     96.63
Average:          2      2.05      0.00      0.32      0.00      0.00     97.63
Average:          3      1.36      0.00      0.16      0.00      0.00     98.48
Average:          4      1.44      0.00      0.20      0.00      0.00     98.36
Average:          5      1.40      0.00      0.20      0.00      0.00     98.40
Average:          6      1.00      0.00      0.20      0.00      0.00     98.80
Average:          7      1.12      0.00      0.16      0.00      0.00     98.72
Average:          8      3.41      0.00      1.40      0.00      0.00     95.19
Average:          9      2.45      0.00      0.40      0.00      0.00     97.15
Average:         10      1.96      0.00      0.24      0.00      0.00     97.80
Average:         11      1.40      0.00      0.24      0.00      0.00     98.36
Average:         12      0.84      0.00      0.24      0.00      0.00     98.92
Average:         13      0.80      0.00      0.24      0.00      0.00     98.96
Average:         14      1.68      0.00      0.20      0.00      0.00     98.12
Average:         15      0.60      0.00      0.16      0.00      0.00     99.24
